<?xml version="1.0" encoding="UTF-8"?>
<coverage generated="1698856553902" clover="3.2.0">
  <project timestamp="1698856553902" name="All files">
    <metrics statements="23" coveredstatements="23" conditionals="2" coveredconditionals="2" methods="5" coveredmethods="5" elements="30" coveredelements="30" complexity="0" loc="23" ncloc="23" packages="2" files="2" classes="2"/>
    <package name="Tarea5_AYD1">
      <metrics statements="8" coveredstatements="8" conditionals="0" coveredconditionals="0" methods="0" coveredmethods="0"/>
      <file name="app.js" path="/home/benaventi/Documents/Universidad/AyD1/Pipeline/Tarea5_AYD1/app.js">
        <metrics statements="8" coveredstatements="8" conditionals="0" coveredconditionals="0" methods="0" coveredmethods="0"/>
        <line num="1" count="1" type="stmt"/>
        <line num="3" count="1" type="stmt"/>
        <line num="4" count="1" type="stmt"/>
        <line num="6" count="1" type="stmt"/>
        <line num="8" count="1" type="stmt"/>
        <line num="9" count="1" type="stmt"/>
        <line num="12" count="1" type="stmt"/>
        <line num="14" count="1" type="stmt"/>
      </file>
    </package>
    <package name="Tarea5_AYD1.controllers">
      <metrics statements="15" coveredstatements="15" conditionals="2" coveredconditionals="2" methods="5" coveredmethods="5"/>
      <file name="movies.js" path="/home/benaventi/Documents/Universidad/AyD1/Pipeline/Tarea5_AYD1/controllers/movies.js">
        <metrics statements="15" coveredstatements="15" conditionals="2" coveredconditionals="2" methods="5" coveredmethods="5"/>
        <line num="1" count="1" type="stmt"/>
        <line num="3" count="1" type="stmt"/>
        <line num="29" count="1" type="stmt"/>
        <line num="30" count="1" type="stmt"/>
        <line num="33" count="1" type="stmt"/>
        <line num="34" count="2" type="stmt"/>
        <line num="35" count="4" type="stmt"/>
        <line num="36" count="2" type="cond" truecount="2" falsecount="0"/>
        <line num="37" count="1" type="stmt"/>
        <line num="39" count="1" type="stmt"/>
        <line num="44" count="1" type="stmt"/>
        <line num="45" count="1" type="stmt"/>
        <line num="46" count="3" type="stmt"/>
        <line num="48" count="1" type="stmt"/>
        <line num="52" count="1" type="stmt"/>
      </file>
    </package>
  </project>
</coverage>
