{"/home/benaventi/Documents/Universidad/AyD1/Pipeline/Tarea5_AYD1/app.js": {"path":"/home/benaventi/Documents/Universidad/AyD1/Pipeline/Tarea5_AYD1/app.js","statementMap":{"0":{"start":{"line":1,"column":16},"end":{"line":1,"column":34}},"1":{"start":{"line":3,"column":12},"end":{"line":3,"column":21}},"2":{"start":{"line":4,"column":13},"end":{"line":4,"column":28}},"3":{"start":{"line":6,"column":21},"end":{"line":6,"column":52}},"4":{"start":{"line":8,"column":0},"end":{"line":8,"column":15}},"5":{"start":{"line":9,"column":0},"end":{"line":9,"column":23}},"6":{"start":{"line":12,"column":0},"end":{"line":12,"column":41}},"7":{"start":{"line":14,"column":0},"end":{"line":14,"column":21}}},"fnMap":{},"branchMap":{},"s":{"0":1,"1":1,"2":1,"3":1,"4":1,"5":1,"6":1,"7":1},"f":{},"b":{},"_coverageSchema":"1a1c01bbd47fc00a2c39e90264f33305004495a9","hash":"2cc3ae5190f8e16a4ab89e7ff81e8b53e1196bc6"}
,"/home/benaventi/Documents/Universidad/AyD1/Pipeline/Tarea5_AYD1/controllers/movies.js": {"path":"/home/benaventi/Documents/Universidad/AyD1/Pipeline/Tarea5_AYD1/controllers/movies.js","statementMap":{"0":{"start":{"line":1,"column":21},"end":{"line":1,"column":48}},"1":{"start":{"line":3,"column":13},"end":{"line":26,"column":3}},"2":{"start":{"line":29,"column":0},"end":{"line":31,"column":3}},"3":{"start":{"line":30,"column":4},"end":{"line":30,"column":33}},"4":{"start":{"line":33,"column":0},"end":{"line":41,"column":3}},"5":{"start":{"line":34,"column":15},"end":{"line":34,"column":36}},"6":{"start":{"line":35,"column":18},"end":{"line":35,"column":55}},"7":{"start":{"line":35,"column":39},"end":{"line":35,"column":54}},"8":{"start":{"line":36,"column":4},"end":{"line":40,"column":5}},"9":{"start":{"line":37,"column":8},"end":{"line":37,"column":36}},"10":{"start":{"line":39,"column":8},"end":{"line":39,"column":30}},"11":{"start":{"line":44,"column":0},"end":{"line":49,"column":4}},"12":{"start":{"line":45,"column":15},"end":{"line":45,"column":40}},"13":{"start":{"line":46,"column":4},"end":{"line":46,"column":52}},"14":{"start":{"line":46,"column":36},"end":{"line":46,"column":51}},"15":{"start":{"line":48,"column":4},"end":{"line":48,"column":30}},"16":{"start":{"line":52,"column":0},"end":{"line":52,"column":30}}},"fnMap":{"0":{"name":"(anonymous_0)","decl":{"start":{"line":29,"column":22},"end":{"line":29,"column":23}},"loc":{"start":{"line":29,"column":36},"end":{"line":31,"column":1}},"line":29},"1":{"name":"(anonymous_1)","decl":{"start":{"line":33,"column":25},"end":{"line":33,"column":26}},"loc":{"start":{"line":33,"column":39},"end":{"line":41,"column":1}},"line":33},"2":{"name":"(anonymous_2)","decl":{"start":{"line":35,"column":30},"end":{"line":35,"column":31}},"loc":{"start":{"line":35,"column":39},"end":{"line":35,"column":54}},"line":35},"3":{"name":"(anonymous_3)","decl":{"start":{"line":44,"column":28},"end":{"line":44,"column":29}},"loc":{"start":{"line":44,"column":51},"end":{"line":49,"column":3}},"line":44},"4":{"name":"(anonymous_4)","decl":{"start":{"line":46,"column":27},"end":{"line":46,"column":28}},"loc":{"start":{"line":46,"column":36},"end":{"line":46,"column":51}},"line":46}},"branchMap":{"0":{"loc":{"start":{"line":36,"column":4},"end":{"line":40,"column":5}},"type":"if","locations":[{"start":{"line":36,"column":4},"end":{"line":40,"column":5}},{"start":{"line":38,"column":11},"end":{"line":40,"column":5}}],"line":36}},"s":{"0":1,"1":1,"2":1,"3":1,"4":1,"5":2,"6":2,"7":4,"8":2,"9":1,"10":1,"11":1,"12":1,"13":1,"14":3,"15":1,"16":1},"f":{"0":1,"1":2,"2":4,"3":1,"4":3},"b":{"0":[1,1]},"_coverageSchema":"1a1c01bbd47fc00a2c39e90264f33305004495a9","hash":"7ffd76da63e938326459e9104f5b5873e7afcdf1"}
}
